[ 2022/10/19 22:22:24 ] - INFORMATIONS_INPUT - "evenstar" - 690586146299707482
[ 2022/10/19 22:22:29 ] - BOOK_READ - "evenstar" - 690586146299707482
[ 2022/10/19 22:22:32 ] - START_JOURNEY - "evenstar" - 690586146299707482
[ 2022/10/19 22:22:34 ] - VOICE_JOINED - "evenstar" - 690586146299707482
[ 2022/10/19 22:22:38 ] - CAPTCHA_DONE - "evenstar" - 690586146299707482
[ 2022/10/19 22:22:44 ] - VOICE_JOINED_RADIO - "evenstar" - 690586146299707482
[ 2022/10/19 22:22:58 ] - CAN_HEAR_RADIO - "evenstar" - 690586146299707482
[ 2022/10/19 22:23:17 ] - MCQ_RESACRIL_DONE - "evenstar" - 690586146299707482
[ 2022/10/19 22:24:18 ] - MCQ_ENGLISH_DONE - "evenstar" - 690586146299707482
[ 2022/10/19 22:24:27 ] - Un processus s'est coupé sans raison apparente ! - "evenstar" - 690586146299707482
[ 2022/10/19 22:29:38 ] - Nouveau membre sur Centre de Langues à distance - "evenstar" - 690586146299707482
[ 2022/10/19 22:29:56 ] - Nouveau membre sur Découverte CRIL - "evenstar" - 690586146299707482
[ 2022/10/19 22:29:57 ] - CHANNEL_CREATED - "evenstar" - 690586146299707482
[ 2022/10/19 22:30:15 ] - INFORMATIONS_INPUT - "evenstar" - 690586146299707482
[ 2022/10/19 22:30:20 ] - BOOK_READ - "evenstar" - 690586146299707482
[ 2022/10/19 22:30:22 ] - START_JOURNEY - "evenstar" - 690586146299707482
[ 2022/10/19 22:30:32 ] - VOICE_JOINED - "evenstar" - 690586146299707482
[ 2022/10/19 22:30:34 ] - CAPTCHA_DONE - "evenstar" - 690586146299707482
[ 2022/10/19 22:30:38 ] - VOICE_JOINED_RADIO - "evenstar" - 690586146299707482
[ 2022/10/19 22:30:43 ] - CAN_HEAR_RADIO - "evenstar" - 690586146299707482
[ 2022/10/19 22:31:3 ] - MCQ_RESACRIL_DONE - "evenstar" - 690586146299707482
[ 2022/10/19 22:31:51 ] - MCQ_ENGLISH_DONE - "evenstar" - 690586146299707482
[ 2022/10/19 22:31:54 ] - Un processus s'est coupé sans raison apparente ! - "evenstar" - 690586146299707482
[ 2022/10/19 22:33:53 ] - Nouveau membre sur Centre de Langues à distance - "evenstar" - 690586146299707482
[ 2022/10/19 22:34:10 ] - Nouveau membre sur Découverte CRIL - "evenstar" - 690586146299707482
[ 2022/10/19 22:34:11 ] - CHANNEL_CREATED - "evenstar" - 690586146299707482
[ 2022/10/19 22:34:26 ] - INFORMATIONS_INPUT - "evenstar" - 690586146299707482
[ 2022/10/19 22:34:32 ] - BOOK_READ - "evenstar" - 690586146299707482
[ 2022/10/19 22:34:33 ] - START_JOURNEY - "evenstar" - 690586146299707482
[ 2022/10/19 22:34:37 ] - VOICE_JOINED - "evenstar" - 690586146299707482
[ 2022/10/19 22:34:42 ] - CAPTCHA_DONE - "evenstar" - 690586146299707482
[ 2022/10/19 22:34:47 ] - VOICE_JOINED_RADIO - "evenstar" - 690586146299707482
[ 2022/10/19 22:34:51 ] - CAN_HEAR_RADIO - "evenstar" - 690586146299707482
[ 2022/10/19 22:35:8 ] - MCQ_RESACRIL_DONE - "evenstar" - 690586146299707482
[ 2022/10/19 22:35:49 ] - MCQ_ENGLISH_DONE - "evenstar" - 690586146299707482
[ 2022/10/19 22:35:52 ] - ACTIVITY_FINISHED - "evenstar" - 690586146299707482
[ 2022/10/19 22:35:52 ] - L'utilisateur evenstar a correctement terminé l'activité ! - "evenstar" - 690586146299707482
